Arguments: 
  C:\Program Files\nodejs\node.exe C:\Program Files (x86)\Yarn\bin\yarn.js install

PATH: 
  C:\ProgramData\Oracle\Java\javapath;C:\Windows\system32;C:\Windows;C:\Windows\System32\Wbem;C:\Windows\System32\WindowsPowerShell\v1.0\;C:\Program Files\TortoiseSVN\bin;C:\Program Files\Java\jdk1.7.0_80\\bin;C:\Program Files\Java\jdk1.7.0_80\\jre\bin;C:\tomcat\lib;C:\tomcat\bin;D:\Git\cmd;C:\Users\Administrator\AppData\Local\Android\sdk\platform-tools;C:\Users\Administrator\AppData\Local\Android\sdk\tools;https://github.com/hakobera/nvmw.git;%NVM_HOME%;%NVM_SYMLINK%;C:\Program Files (x86)\Yarn\bin;C:\Program Files\nodejs\;C:\Users\Administrator\AppData\Roaming\npm;D:\Microsoft VS Code\bin;C:\Program Files\nodejs\nvm;C:\Program Files\nodejs;C:\Users\Administrator\AppData\Local\Yarn\.bin

Yarn version: 
  0.18.1

Node version: 
  6.2.0

Platform: 
  win32 x64

npm manifest: 
  {
    "name": "AngularJS2.0-Demo",
    "version": "1.0.0",
    "scripts": {
      "tsc": "tsc",
      "tsc:w": "tsc -w",
      "lite": "lite-server",
      "start": "concurrent \"npm run tsc:w\" \"npm run lite\" "
    },
    "license": "ISC",
    "dependencies": {
      "angular2": "2.0.0-beta.0",
      "systemjs": "0.19.6",
      "es6-promise": "^3.0.2",
      "es6-shim": "^0.33.3",
      "reflect-metadata": "0.1.2",
      "rxjs": "5.0.0-beta.0",
      "zone.js": "0.5.10"
    },
    "devDependencies": {
      "concurrently": "^1.0.0",
      "lite-server": "^1.3.1",
      "typescript": "^1.7.3"
    }
  }

yarn manifest: 
  No manifest

Lockfile: 
  No lockfile

Trace: 
  Error: connect ETIMEDOUT 104.16.63.173:443
      at Object.exports._errnoException (util.js:953:11)
      at exports._exceptionWithHostPort (util.js:976:20)
      at TCPConnectWrap.afterConnect [as oncomplete] (net.js:1080:14)
